[2017-05-31 12:58:15] lumen.ERROR: Symfony\Component\Console\Exception\CommandNotFoundException: There are no commands defined in the "jwt" namespace. in /var/www/html/vendor/symfony/console/Application.php:533
Stack trace:
#0 /var/www/html/vendor/symfony/console/Application.php(565): Symfony\Component\Console\Application->findNamespace('jwt')
#1 /var/www/html/vendor/symfony/console/Application.php(204): Symfony\Component\Console\Application->find('jwt:secret')
#2 /var/www/html/vendor/symfony/console/Application.php(130): Symfony\Component\Console\Application->doRun(Object(Symfony\Component\Console\Input\ArgvInput), Object(Symfony\Component\Console\Output\ConsoleOutput))
#3 /var/www/html/vendor/laravel/lumen-framework/src/Console/Kernel.php(84): Symfony\Component\Console\Application->run(Object(Symfony\Component\Console\Input\ArgvInput), Object(Symfony\Component\Console\Output\ConsoleOutput))
#4 /var/www/html/artisan(35): Laravel\Lumen\Console\Kernel->handle(Object(Symfony\Component\Console\Input\ArgvInput), Object(Symfony\Component\Console\Output\ConsoleOutput))
#5 {main}  
[2017-05-31 12:58:44] lumen.ERROR: Symfony\Component\Console\Exception\CommandNotFoundException: There are no commands defined in the "config" namespace. in /var/www/html/vendor/symfony/console/Application.php:533
Stack trace:
#0 /var/www/html/vendor/symfony/console/Application.php(565): Symfony\Component\Console\Application->findNamespace('config')
#1 /var/www/html/vendor/symfony/console/Application.php(204): Symfony\Component\Console\Application->find('config:clear')
#2 /var/www/html/vendor/symfony/console/Application.php(130): Symfony\Component\Console\Application->doRun(Object(Symfony\Component\Console\Input\ArgvInput), Object(Symfony\Component\Console\Output\ConsoleOutput))
#3 /var/www/html/vendor/laravel/lumen-framework/src/Console/Kernel.php(84): Symfony\Component\Console\Application->run(Object(Symfony\Component\Console\Input\ArgvInput), Object(Symfony\Component\Console\Output\ConsoleOutput))
#4 /var/www/html/artisan(35): Laravel\Lumen\Console\Kernel->handle(Object(Symfony\Component\Console\Input\ArgvInput), Object(Symfony\Component\Console\Output\ConsoleOutput))
#5 {main}  
[2017-05-31 13:13:17] lumen.ERROR: Symfony\Component\Console\Exception\CommandNotFoundException: Command "make:controller" is not defined.

Did you mean one of these?
    make:migration
    make:seeder in /var/www/html/vendor/symfony/console/Application.php:579
Stack trace:
#0 /var/www/html/vendor/symfony/console/Application.php(204): Symfony\Component\Console\Application->find('make:controller')
#1 /var/www/html/vendor/symfony/console/Application.php(130): Symfony\Component\Console\Application->doRun(Object(Symfony\Component\Console\Input\ArgvInput), Object(Symfony\Component\Console\Output\ConsoleOutput))
#2 /var/www/html/vendor/laravel/lumen-framework/src/Console/Kernel.php(84): Symfony\Component\Console\Application->run(Object(Symfony\Component\Console\Input\ArgvInput), Object(Symfony\Component\Console\Output\ConsoleOutput))
#3 /var/www/html/artisan(35): Laravel\Lumen\Console\Kernel->handle(Object(Symfony\Component\Console\Input\ArgvInput), Object(Symfony\Component\Console\Output\ConsoleOutput))
#4 {main}  
